d:\audiokinetic\wwise_v2015.1.2_build5457\sdk\samples\integrationdemo\cocos2d-x\cocos2d\cocos\editor-support\spine\proj.win32\release.win32\skeletonbounds.obj
d:\audiokinetic\wwise_v2015.1.2_build5457\sdk\samples\integrationdemo\cocos2d-x\cocos2d\cocos\editor-support\spine\proj.win32\release.win32\skeleton.obj
d:\audiokinetic\wwise_v2015.1.2_build5457\sdk\samples\integrationdemo\cocos2d-x\cocos2d\cocos\editor-support\spine\proj.win32\release.win32\regionattachment.obj
d:\audiokinetic\wwise_v2015.1.2_build5457\sdk\samples\integrationdemo\cocos2d-x\cocos2d\cocos\editor-support\spine\proj.win32\release.win32\meshattachment.obj
d:\audiokinetic\wwise_v2015.1.2_build5457\sdk\samples\integrationdemo\cocos2d-x\cocos2d\cocos\editor-support\spine\proj.win32\release.win32\json.obj
d:\audiokinetic\wwise_v2015.1.2_build5457\sdk\samples\integrationdemo\cocos2d-x\cocos2d\cocos\editor-support\spine\proj.win32\release.win32\ikconstraintdata.obj
d:\audiokinetic\wwise_v2015.1.2_build5457\sdk\samples\integrationdemo\cocos2d-x\cocos2d\cocos\editor-support\spine\proj.win32\release.win32\ikconstraint.obj
d:\audiokinetic\wwise_v2015.1.2_build5457\sdk\samples\integrationdemo\cocos2d-x\cocos2d\cocos\editor-support\spine\proj.win32\release.win32\extension.obj
d:\audiokinetic\wwise_v2015.1.2_build5457\sdk\samples\integrationdemo\cocos2d-x\cocos2d\cocos\editor-support\spine\proj.win32\release.win32\eventdata.obj
d:\audiokinetic\wwise_v2015.1.2_build5457\sdk\samples\integrationdemo\cocos2d-x\cocos2d\cocos\editor-support\spine\proj.win32\release.win32\event.obj
d:\audiokinetic\wwise_v2015.1.2_build5457\sdk\samples\integrationdemo\cocos2d-x\cocos2d\cocos\editor-support\spine\proj.win32\release.win32\boundingboxattachment.obj
d:\audiokinetic\wwise_v2015.1.2_build5457\sdk\samples\integrationdemo\cocos2d-x\cocos2d\cocos\editor-support\spine\proj.win32\release.win32\bonedata.obj
d:\audiokinetic\wwise_v2015.1.2_build5457\sdk\samples\integrationdemo\cocos2d-x\cocos2d\cocos\editor-support\spine\proj.win32\release.win32\bone.obj
d:\audiokinetic\wwise_v2015.1.2_build5457\sdk\samples\integrationdemo\cocos2d-x\cocos2d\cocos\editor-support\spine\proj.win32\release.win32\attachmentloader.obj
d:\audiokinetic\wwise_v2015.1.2_build5457\sdk\samples\integrationdemo\cocos2d-x\cocos2d\cocos\editor-support\spine\proj.win32\release.win32\attachment.obj
d:\audiokinetic\wwise_v2015.1.2_build5457\sdk\samples\integrationdemo\cocos2d-x\cocos2d\cocos\editor-support\spine\proj.win32\release.win32\atlasattachmentloader.obj
d:\audiokinetic\wwise_v2015.1.2_build5457\sdk\samples\integrationdemo\cocos2d-x\cocos2d\cocos\editor-support\spine\proj.win32\release.win32\atlas.obj
d:\audiokinetic\wwise_v2015.1.2_build5457\sdk\samples\integrationdemo\cocos2d-x\cocos2d\cocos\editor-support\spine\proj.win32\release.win32\animationstatedata.obj
d:\audiokinetic\wwise_v2015.1.2_build5457\sdk\samples\integrationdemo\cocos2d-x\cocos2d\cocos\editor-support\spine\proj.win32\release.win32\animationstate.obj
d:\audiokinetic\wwise_v2015.1.2_build5457\sdk\samples\integrationdemo\cocos2d-x\cocos2d\cocos\editor-support\spine\proj.win32\release.win32\animation.obj
d:\audiokinetic\wwise_v2015.1.2_build5457\sdk\samples\integrationdemo\cocos2d-x\cocos2d\cocos\editor-support\spine\proj.win32\release.win32\slotdata.obj
d:\audiokinetic\wwise_v2015.1.2_build5457\sdk\samples\integrationdemo\cocos2d-x\cocos2d\cocos\editor-support\spine\proj.win32\release.win32\slot.obj
d:\audiokinetic\wwise_v2015.1.2_build5457\sdk\samples\integrationdemo\cocos2d-x\cocos2d\cocos\editor-support\spine\proj.win32\release.win32\skinnedmeshattachment.obj
d:\audiokinetic\wwise_v2015.1.2_build5457\sdk\samples\integrationdemo\cocos2d-x\cocos2d\cocos\editor-support\spine\proj.win32\release.win32\skin.obj
d:\audiokinetic\wwise_v2015.1.2_build5457\sdk\samples\integrationdemo\cocos2d-x\cocos2d\cocos\editor-support\spine\proj.win32\release.win32\skeletonjson.obj
d:\audiokinetic\wwise_v2015.1.2_build5457\sdk\samples\integrationdemo\cocos2d-x\cocos2d\cocos\editor-support\spine\proj.win32\release.win32\skeletondata.obj
d:\audiokinetic\wwise_v2015.1.2_build5457\sdk\samples\integrationdemo\cocos2d-x\cocos2d\cocos\editor-support\spine\proj.win32\release.win32\spine-cocos2dx.obj
d:\audiokinetic\wwise_v2015.1.2_build5457\sdk\samples\integrationdemo\cocos2d-x\cocos2d\cocos\editor-support\spine\proj.win32\release.win32\skeletonrenderer.obj
d:\audiokinetic\wwise_v2015.1.2_build5457\sdk\samples\integrationdemo\cocos2d-x\cocos2d\cocos\editor-support\spine\proj.win32\release.win32\skeletonanimation.obj
d:\audiokinetic\wwise_v2015.1.2_build5457\sdk\samples\integrationdemo\cocos2d-x\cocos2d\cocos\editor-support\spine\proj.win32\release.win32\polygonbatch.obj
d:\audiokinetic\wwise_v2015.1.2_build5457\sdk\samples\integrationdemo\cocos2d-x\proj.win32\release.win32\libspine.lib
d:\audiokinetic\wwise_v2015.1.4_build_5497\sdk\samples\integrationdemo\cocos2d-x\cocos2d\cocos\editor-support\spine\proj.win32\release.win32\animation.obj
d:\audiokinetic\wwise_v2015.1.4_build_5497\sdk\samples\integrationdemo\cocos2d-x\cocos2d\cocos\editor-support\spine\proj.win32\release.win32\animationstate.obj
d:\audiokinetic\wwise_v2015.1.4_build_5497\sdk\samples\integrationdemo\cocos2d-x\cocos2d\cocos\editor-support\spine\proj.win32\release.win32\animationstatedata.obj
d:\audiokinetic\wwise_v2015.1.4_build_5497\sdk\samples\integrationdemo\cocos2d-x\cocos2d\cocos\editor-support\spine\proj.win32\release.win32\atlas.obj
d:\audiokinetic\wwise_v2015.1.4_build_5497\sdk\samples\integrationdemo\cocos2d-x\cocos2d\cocos\editor-support\spine\proj.win32\release.win32\atlasattachmentloader.obj
d:\audiokinetic\wwise_v2015.1.4_build_5497\sdk\samples\integrationdemo\cocos2d-x\cocos2d\cocos\editor-support\spine\proj.win32\release.win32\attachment.obj
d:\audiokinetic\wwise_v2015.1.4_build_5497\sdk\samples\integrationdemo\cocos2d-x\cocos2d\cocos\editor-support\spine\proj.win32\release.win32\attachmentloader.obj
d:\audiokinetic\wwise_v2015.1.4_build_5497\sdk\samples\integrationdemo\cocos2d-x\cocos2d\cocos\editor-support\spine\proj.win32\release.win32\bone.obj
d:\audiokinetic\wwise_v2015.1.4_build_5497\sdk\samples\integrationdemo\cocos2d-x\cocos2d\cocos\editor-support\spine\proj.win32\release.win32\bonedata.obj
d:\audiokinetic\wwise_v2015.1.4_build_5497\sdk\samples\integrationdemo\cocos2d-x\cocos2d\cocos\editor-support\spine\proj.win32\release.win32\boundingboxattachment.obj
d:\audiokinetic\wwise_v2015.1.4_build_5497\sdk\samples\integrationdemo\cocos2d-x\cocos2d\cocos\editor-support\spine\proj.win32\release.win32\event.obj
d:\audiokinetic\wwise_v2015.1.4_build_5497\sdk\samples\integrationdemo\cocos2d-x\cocos2d\cocos\editor-support\spine\proj.win32\release.win32\eventdata.obj
d:\audiokinetic\wwise_v2015.1.4_build_5497\sdk\samples\integrationdemo\cocos2d-x\cocos2d\cocos\editor-support\spine\proj.win32\release.win32\extension.obj
d:\audiokinetic\wwise_v2015.1.4_build_5497\sdk\samples\integrationdemo\cocos2d-x\cocos2d\cocos\editor-support\spine\proj.win32\release.win32\ikconstraint.obj
d:\audiokinetic\wwise_v2015.1.4_build_5497\sdk\samples\integrationdemo\cocos2d-x\cocos2d\cocos\editor-support\spine\proj.win32\release.win32\ikconstraintdata.obj
d:\audiokinetic\wwise_v2015.1.4_build_5497\sdk\samples\integrationdemo\cocos2d-x\cocos2d\cocos\editor-support\spine\proj.win32\release.win32\json.obj
d:\audiokinetic\wwise_v2015.1.4_build_5497\sdk\samples\integrationdemo\cocos2d-x\cocos2d\cocos\editor-support\spine\proj.win32\release.win32\meshattachment.obj
d:\audiokinetic\wwise_v2015.1.4_build_5497\sdk\samples\integrationdemo\cocos2d-x\cocos2d\cocos\editor-support\spine\proj.win32\release.win32\polygonbatch.obj
d:\audiokinetic\wwise_v2015.1.4_build_5497\sdk\samples\integrationdemo\cocos2d-x\cocos2d\cocos\editor-support\spine\proj.win32\release.win32\regionattachment.obj
d:\audiokinetic\wwise_v2015.1.4_build_5497\sdk\samples\integrationdemo\cocos2d-x\cocos2d\cocos\editor-support\spine\proj.win32\release.win32\skeleton.obj
d:\audiokinetic\wwise_v2015.1.4_build_5497\sdk\samples\integrationdemo\cocos2d-x\cocos2d\cocos\editor-support\spine\proj.win32\release.win32\skeletonanimation.obj
d:\audiokinetic\wwise_v2015.1.4_build_5497\sdk\samples\integrationdemo\cocos2d-x\cocos2d\cocos\editor-support\spine\proj.win32\release.win32\skeletonbounds.obj
d:\audiokinetic\wwise_v2015.1.4_build_5497\sdk\samples\integrationdemo\cocos2d-x\cocos2d\cocos\editor-support\spine\proj.win32\release.win32\skeletondata.obj
d:\audiokinetic\wwise_v2015.1.4_build_5497\sdk\samples\integrationdemo\cocos2d-x\cocos2d\cocos\editor-support\spine\proj.win32\release.win32\skeletonjson.obj
d:\audiokinetic\wwise_v2015.1.4_build_5497\sdk\samples\integrationdemo\cocos2d-x\cocos2d\cocos\editor-support\spine\proj.win32\release.win32\skeletonrenderer.obj
d:\audiokinetic\wwise_v2015.1.4_build_5497\sdk\samples\integrationdemo\cocos2d-x\cocos2d\cocos\editor-support\spine\proj.win32\release.win32\skin.obj
d:\audiokinetic\wwise_v2015.1.4_build_5497\sdk\samples\integrationdemo\cocos2d-x\cocos2d\cocos\editor-support\spine\proj.win32\release.win32\skinnedmeshattachment.obj
d:\audiokinetic\wwise_v2015.1.4_build_5497\sdk\samples\integrationdemo\cocos2d-x\cocos2d\cocos\editor-support\spine\proj.win32\release.win32\slot.obj
d:\audiokinetic\wwise_v2015.1.4_build_5497\sdk\samples\integrationdemo\cocos2d-x\cocos2d\cocos\editor-support\spine\proj.win32\release.win32\slotdata.obj
d:\audiokinetic\wwise_v2015.1.4_build_5497\sdk\samples\integrationdemo\cocos2d-x\cocos2d\cocos\editor-support\spine\proj.win32\release.win32\spine-cocos2dx.obj
d:\audiokinetic\wwise_v2015.1.4_build_5497\sdk\samples\integrationdemo\cocos2d-x\cocos2d\cocos\editor-support\spine\proj.win32\release.win32\libspine.tlog\cl.command.1.tlog
d:\audiokinetic\wwise_v2015.1.4_build_5497\sdk\samples\integrationdemo\cocos2d-x\cocos2d\cocos\editor-support\spine\proj.win32\release.win32\libspine.tlog\cl.read.1.tlog
d:\audiokinetic\wwise_v2015.1.4_build_5497\sdk\samples\integrationdemo\cocos2d-x\cocos2d\cocos\editor-support\spine\proj.win32\release.win32\libspine.tlog\cl.write.1.tlog
d:\audiokinetic\wwise_v2015.1.4_build_5497\sdk\samples\integrationdemo\cocos2d-x\cocos2d\cocos\editor-support\spine\proj.win32\release.win32\libspine.tlog\lib-link.read.1.tlog
d:\audiokinetic\wwise_v2015.1.4_build_5497\sdk\samples\integrationdemo\cocos2d-x\cocos2d\cocos\editor-support\spine\proj.win32\release.win32\libspine.tlog\lib-link.write.1.tlog
d:\audiokinetic\wwise_v2015.1.4_build_5497\sdk\samples\integrationdemo\cocos2d-x\cocos2d\cocos\editor-support\spine\proj.win32\release.win32\libspine.tlog\lib.command.1.tlog
